d:\programming\leonard\3dmodelview\3d modelviewer\3d modelviewer\x64\debug\vc143.pdb
d:\programming\leonard\3dmodelview\3d modelviewer\3d modelviewer\x64\debug\vc143.idb
d:\programming\leonard\3dmodelview\3d modelviewer\3d modelviewer\x64\debug\texturecomponent.obj
d:\programming\leonard\3dmodelview\3d modelviewer\3d modelviewer\x64\debug\object.obj
d:\programming\leonard\3dmodelview\3d modelviewer\3d modelviewer\x64\debug\mesh.obj
d:\programming\leonard\3dmodelview\3d modelviewer\3d modelviewer\x64\debug\frame.obj
d:\programming\leonard\3dmodelview\3d modelviewer\3d modelviewer\x64\debug\main.obj
d:\programming\leonard\3dmodelview\3d modelviewer\3d modelviewer\x64\debug\input.obj
d:\programming\leonard\3dmodelview\3d modelviewer\3d modelviewer\x64\debug\exlib.obj
d:\programming\leonard\3dmodelview\3d modelviewer\3d modelviewer\x64\debug\colorcomponent.obj
d:\programming\leonard\3dmodelview\3d modelviewer\3d modelviewer\x64\debug\glad.obj
d:\programming\leonard\3dmodelview\3d modelviewer\x64\debug\3d modelviewer.exe
d:\programming\leonard\3dmodelview\3d modelviewer\x64\debug\3d modelviewer.pdb
d:\programming\leonard\3dmodelview\3d modelviewer\3d modelviewer\x64\debug\3d modelviewer.ilk
d:\programming\leonard\3dmodelview\3d modelviewer\3d modelviewer\x64\debug\3d modelviewer.tlog\cl.command.1.tlog
d:\programming\leonard\3dmodelview\3d modelviewer\3d modelviewer\x64\debug\3d modelviewer.tlog\cl.items.tlog
d:\programming\leonard\3dmodelview\3d modelviewer\3d modelviewer\x64\debug\3d modelviewer.tlog\cl.read.1.tlog
d:\programming\leonard\3dmodelview\3d modelviewer\3d modelviewer\x64\debug\3d modelviewer.tlog\cl.write.1.tlog
d:\programming\leonard\3dmodelview\3d modelviewer\3d modelviewer\x64\debug\3d modelviewer.tlog\link.command.1.tlog
d:\programming\leonard\3dmodelview\3d modelviewer\3d modelviewer\x64\debug\3d modelviewer.tlog\link.read.1.tlog
d:\programming\leonard\3dmodelview\3d modelviewer\3d modelviewer\x64\debug\3d modelviewer.tlog\link.secondary.1.tlog
d:\programming\leonard\3dmodelview\3d modelviewer\3d modelviewer\x64\debug\3d modelviewer.tlog\link.write.1.tlog
